Add Component: Footprint Not Found AMPHENOL_10103594-0001LF
Add Pin To Net: Unknown Pin: Pin E1-1
Add Pin To Net: Unknown Pin: Pin E1-2
Add Pin To Net: Unknown Pin: Pin E1-3
Add Pin To Net: Unknown Pin: Pin E1-4
Add Pin To Net: Unknown Pin: Pin E1-5
Add Pin To Net: Unknown Pin: Pin J2-1
Add Pin To Net: Unknown Pin: Pin J2-2
Add Pin To Net: Unknown Pin: Pin J2-3
Add Pin To Net: Unknown Pin: Pin J2-5
Add Pin To Net: Unknown Pin: Pin J2-6
Add Pin To Net: Unknown Pin: Pin J2-7
Add Pin To Net: Unknown Pin: Pin J2-8
Add Pin To Net: Unknown Pin: Pin J2-9
Add Pin To Net: Unknown Pin: Pin J2-10
Add Pin To Net: Unknown Pin: Pin J2-11
Add Pin To Net: Unknown Pin: Pin J2-S1
Add Pin To Net: Unknown Pin: Pin J2-S2
Add Class Member: Failed to add class member : Component E1 PEC12R-4220F-S0024
Add Class Member: Failed to add class member : Component J2 10103594-0001LF
