Removed Pin From Net: NetName=COL_3 Pin=SW8-2
Change Component Footprint: Designator=SW1 Old Footprint=MXSwitch New Footprint=SW_CHERRY-MX-STYLE
Change Component Footprint: Designator=SW2 Old Footprint=MXSwitch New Footprint=SW_CHERRY-MX-STYLE
Change Component Footprint: Designator=SW3 Old Footprint=MXSwitch New Footprint=SW_CHERRY-MX-STYLE
Change Component Footprint: Designator=SW4 Old Footprint=MXSwitch New Footprint=SW_CHERRY-MX-STYLE
Change Component Footprint: Designator=SW5 Old Footprint=MXSwitch New Footprint=SW_CHERRY-MX-STYLE
Change Component Footprint: Designator=SW6 Old Footprint=MXSwitch New Footprint=SW_CHERRY-MX-STYLE
Change Component Footprint: Designator=SW7 Old Footprint=MXSwitch New Footprint=SW_CHERRY-MX-STYLE
Change Component Footprint: Designator=SW9 Old Footprint=MXSwitch New Footprint=SW_CHERRY-MX-STYLE
Change Component Footprint: Designator=SW10 Old Footprint=MXSwitch New Footprint=SW_CHERRY-MX-STYLE
Change Component Footprint: Designator=SW11 Old Footprint=MXSwitch New Footprint=SW_CHERRY-MX-STYLE
Change Component Footprint: Designator=SW12 Old Footprint=MXSwitch New Footprint=SW_CHERRY-MX-STYLE
Change Component Footprint: Designator=SW13 Old Footprint=MXSwitch New Footprint=SW_CHERRY-MX-STYLE
Change Component Footprint: Designator=SW14 Old Footprint=MXSwitch New Footprint=SW_CHERRY-MX-STYLE
Change Component Footprint: Designator=SW15 Old Footprint=MXSwitch New Footprint=SW_CHERRY-MX-STYLE
Change Component Footprint: Designator=SW16 Old Footprint=MXSwitch New Footprint=SW_CHERRY-MX-STYLE
Change Component Footprint: Designator=SW17 Old Footprint=MXSwitch New Footprint=SW_CHERRY-MX-STYLE
Change Component Comment : Designator=SW1 Old Comment=MX Switch New Comment=MX-Style Switch
Change Component Comment : Designator=SW2 Old Comment=MX Switch New Comment=MX-Style Switch
Change Component Comment : Designator=SW3 Old Comment=MX Switch New Comment=MX-Style Switch
Change Component Comment : Designator=SW4 Old Comment=MX Switch New Comment=MX-Style Switch
Change Component Comment : Designator=SW5 Old Comment=MX Switch New Comment=MX-Style Switch
Change Component Comment : Designator=SW6 Old Comment=MX Switch New Comment=MX-Style Switch
Change Component Comment : Designator=SW7 Old Comment=MX Switch New Comment=MX-Style Switch
Change Component Comment : Designator=SW9 Old Comment=MX Switch New Comment=MX-Style Switch
Change Component Comment : Designator=SW10 Old Comment=MX Switch New Comment=MX-Style Switch
Change Component Comment : Designator=SW11 Old Comment=MX Switch New Comment=MX-Style Switch
Change Component Comment : Designator=SW12 Old Comment=MX Switch New Comment=MX-Style Switch
Change Component Comment : Designator=SW13 Old Comment=MX Switch New Comment=MX-Style Switch
Change Component Comment : Designator=SW14 Old Comment=MX Switch New Comment=MX-Style Switch
Change Component Comment : Designator=SW15 Old Comment=MX Switch New Comment=MX-Style Switch
Change Component Comment : Designator=SW16 Old Comment=MX Switch New Comment=MX-Style Switch
Change Component Comment : Designator=SW17 Old Comment=MX Switch New Comment=MX-Style Switch
Change Component Designator: OldDesignator=C1 NewDesignator=C6
Change Component Designator: OldDesignator=C2 NewDesignator=C7
Change Component Designator: OldDesignator=C3 NewDesignator=C1
Change Component Designator: OldDesignator=C4 NewDesignator=C2
Change Component Designator: OldDesignator=C5 NewDesignator=C3
Change Component Designator: OldDesignator=C6 NewDesignator=C4
Change Component Designator: OldDesignator=C7 NewDesignator=C5
Change Component Designator: OldDesignator=C8 NewDesignator=C10
Change Component Designator: OldDesignator=C9 NewDesignator=C8
Change Component Designator: OldDesignator=C10 NewDesignator=C9
Change Component Designator: OldDesignator=D1 NewDesignator=D2
Change Component Designator: OldDesignator=D2 NewDesignator=D3
Change Component Designator: OldDesignator=D3 NewDesignator=D4
Change Component Designator: OldDesignator=D4 NewDesignator=D5
Change Component Designator: OldDesignator=D5 NewDesignator=D6
Change Component Designator: OldDesignator=D6 NewDesignator=D7
Change Component Designator: OldDesignator=D7 NewDesignator=D8
Change Component Designator: OldDesignator=D8 NewDesignator=D9
Change Component Designator: OldDesignator=D9 NewDesignator=D10
Change Component Designator: OldDesignator=D10 NewDesignator=D11
Change Component Designator: OldDesignator=D11 NewDesignator=D12
Change Component Designator: OldDesignator=D12 NewDesignator=D13
Change Component Designator: OldDesignator=D13 NewDesignator=D14
Change Component Designator: OldDesignator=D14 NewDesignator=D15
Change Component Designator: OldDesignator=D15 NewDesignator=D16
Change Component Designator: OldDesignator=D16 NewDesignator=D17
Change Component Designator: OldDesignator=D17 NewDesignator=D18
Change Component Designator: OldDesignator=D18 NewDesignator=D1
Change Component Designator: OldDesignator=J1 NewDesignator=J2
Change Component Designator: OldDesignator=J2 NewDesignator=J1
Change Component Designator: OldDesignator=R4 NewDesignator=R6
Change Component Designator: OldDesignator=R5 NewDesignator=R7
Change Component Designator: OldDesignator=R6 NewDesignator=R8
Change Component Designator: OldDesignator=R7 NewDesignator=R4
Change Component Designator: OldDesignator=R8 NewDesignator=R5
Change Component Designator: OldDesignator=SW1 NewDesignator=SW2
Change Component Designator: OldDesignator=SW2 NewDesignator=SW3
Change Component Designator: OldDesignator=SW3 NewDesignator=SW4
Change Component Designator: OldDesignator=SW4 NewDesignator=SW8
Change Component Designator: OldDesignator=SW9 NewDesignator=SW10
Change Component Designator: OldDesignator=SW10 NewDesignator=SW11
Change Component Designator: OldDesignator=SW11 NewDesignator=SW12
Change Component Designator: OldDesignator=SW12 NewDesignator=SW14
Change Component Designator: OldDesignator=SW13 NewDesignator=SW15
Change Component Designator: OldDesignator=SW14 NewDesignator=SW16
Change Component Designator: OldDesignator=SW15 NewDesignator=SW19
Change Component Designator: OldDesignator=SW16 NewDesignator=SW17
Change Component Designator: OldDesignator=SW17 NewDesignator=SW18
Change Component Designator: OldDesignator=SW18 NewDesignator=SW9
Change Component Designator: OldDesignator=SW19 NewDesignator=SW1
Change component parameters: Designator = "SW1" ("SW2"); Footprint = "MXSwitch"; UniqueID = "\IYJWORZP" ("\IYJWORZP")
Change component parameters (AddParameter): Name = "ComponentLink1Description"; Value = "Datasheet"; VariantName = "[No Variations]"
Change component parameters (AddParameter): Name = "PN"; Value = "MX-Style Switch"; VariantName = "[No Variations]"
Change component parameters: Designator = "SW2" ("SW3"); Footprint = "MXSwitch"; UniqueID = "\EOERCWSI" ("\EOERCWSI")
Change component parameters (AddParameter): Name = "ComponentLink1Description"; Value = "Datasheet"; VariantName = "[No Variations]"
Change component parameters (AddParameter): Name = "PN"; Value = "MX-Style Switch"; VariantName = "[No Variations]"
Change component parameters: Designator = "SW3" ("SW4"); Footprint = "MXSwitch"; UniqueID = "\MOMVXGHI" ("\MOMVXGHI")
Change component parameters (AddParameter): Name = "ComponentLink1Description"; Value = "Datasheet"; VariantName = "[No Variations]"
Change component parameters (AddParameter): Name = "PN"; Value = "MX-Style Switch"; VariantName = "[No Variations]"
Change component parameters: Designator = "SW4" ("SW8"); Footprint = "MXSwitch"; UniqueID = "\XIVZEMUT" ("\XIVZEMUT")
Change component parameters (AddParameter): Name = "ComponentLink1Description"; Value = "Datasheet"; VariantName = "[No Variations]"
Change component parameters (AddParameter): Name = "PN"; Value = "MX-Style Switch"; VariantName = "[No Variations]"
Change component parameters: Designator = "SW5" ("SW5"); Footprint = "MXSwitch"; UniqueID = "\BYFGXKXW" ("\BYFGXKXW")
Change component parameters (AddParameter): Name = "ComponentLink1Description"; Value = "Datasheet"; VariantName = "[No Variations]"
Change component parameters (AddParameter): Name = "PN"; Value = "MX-Style Switch"; VariantName = "[No Variations]"
Change component parameters: Designator = "SW6" ("SW6"); Footprint = "MXSwitch"; UniqueID = "\HFVFAFUV" ("\HFVFAFUV")
Change component parameters (AddParameter): Name = "ComponentLink1Description"; Value = "Datasheet"; VariantName = "[No Variations]"
Change component parameters (AddParameter): Name = "PN"; Value = "MX-Style Switch"; VariantName = "[No Variations]"
Change component parameters: Designator = "SW7" ("SW7"); Footprint = "MXSwitch"; UniqueID = "\OROOYVKA" ("\OROOYVKA")
Change component parameters (AddParameter): Name = "ComponentLink1Description"; Value = "Datasheet"; VariantName = "[No Variations]"
Change component parameters (AddParameter): Name = "PN"; Value = "MX-Style Switch"; VariantName = "[No Variations]"
Change component parameters: Designator = "SW9" ("SW10"); Footprint = "MXSwitch"; UniqueID = "\VHFMYAEK" ("\VHFMYAEK")
Change component parameters (AddParameter): Name = "ComponentLink1Description"; Value = "Datasheet"; VariantName = "[No Variations]"
Change component parameters (AddParameter): Name = "PN"; Value = "MX-Style Switch"; VariantName = "[No Variations]"
Change component parameters: Designator = "SW10" ("SW11"); Footprint = "MXSwitch"; UniqueID = "\PCTJPAHV" ("\PCTJPAHV")
Change component parameters (AddParameter): Name = "ComponentLink1Description"; Value = "Datasheet"; VariantName = "[No Variations]"
Change component parameters (AddParameter): Name = "PN"; Value = "MX-Style Switch"; VariantName = "[No Variations]"
Change component parameters: Designator = "SW11" ("SW12"); Footprint = "MXSwitch"; UniqueID = "\XWAHCXFB" ("\XWAHCXFB")
Change component parameters (AddParameter): Name = "ComponentLink1Description"; Value = "Datasheet"; VariantName = "[No Variations]"
Change component parameters (AddParameter): Name = "PN"; Value = "MX-Style Switch"; VariantName = "[No Variations]"
Change component parameters: Designator = "SW12" ("SW14"); Footprint = "MXSwitch"; UniqueID = "\EXQSKCXA" ("\EXQSKCXA")
Change component parameters (AddParameter): Name = "ComponentLink1Description"; Value = "Datasheet"; VariantName = "[No Variations]"
Change component parameters (AddParameter): Name = "PN"; Value = "MX-Style Switch"; VariantName = "[No Variations]"
Change component parameters: Designator = "SW13" ("SW15"); Footprint = "MXSwitch"; UniqueID = "\NFLMXHLW" ("\NFLMXHLW")
Change component parameters (AddParameter): Name = "ComponentLink1Description"; Value = "Datasheet"; VariantName = "[No Variations]"
Change component parameters (AddParameter): Name = "PN"; Value = "MX-Style Switch"; VariantName = "[No Variations]"
Change component parameters: Designator = "SW14" ("SW16"); Footprint = "MXSwitch"; UniqueID = "\AWSEDNCN" ("\AWSEDNCN")
Change component parameters (AddParameter): Name = "ComponentLink1Description"; Value = "Datasheet"; VariantName = "[No Variations]"
Change component parameters (AddParameter): Name = "PN"; Value = "MX-Style Switch"; VariantName = "[No Variations]"
Change component parameters: Designator = "SW15" ("SW19"); Footprint = "MXSwitch"; UniqueID = "\TEPQXKQM" ("\TEPQXKQM")
Change component parameters (AddParameter): Name = "ComponentLink1Description"; Value = "Datasheet"; VariantName = "[No Variations]"
Change component parameters (AddParameter): Name = "PN"; Value = "MX-Style Switch"; VariantName = "[No Variations]"
Change component parameters: Designator = "SW16" ("SW17"); Footprint = "MXSwitch"; UniqueID = "\MWEQTHQI" ("\MWEQTHQI")
Change component parameters (AddParameter): Name = "ComponentLink1Description"; Value = "Datasheet"; VariantName = "[No Variations]"
Change component parameters (AddParameter): Name = "PN"; Value = "MX-Style Switch"; VariantName = "[No Variations]"
Change component parameters: Designator = "SW17" ("SW18"); Footprint = "MXSwitch"; UniqueID = "\SCFOATEO" ("\SCFOATEO")
Change component parameters (AddParameter): Name = "ComponentLink1Description"; Value = "Datasheet"; VariantName = "[No Variations]"
Change component parameters (AddParameter): Name = "PN"; Value = "MX-Style Switch"; VariantName = "[No Variations]"
Added Component: Designator=SW13(SW_CHERRY-MX-STYLE)
Add component (AddParameter): Name = "ComponentLink1Description"; Value = "Datasheet"; VariantName = "[No Variations]"
Add component (AddParameter): Name = "PN"; Value = "MX-Style Switch"; VariantName = "[No Variations]"
Added Pin To Net: NetName=COL_3 Pin=SW13-2
Change Net Name : Old Net Name=NetC7_2 New Net Name=NetC5_2
Change Net Name : Old Net Name=NetD1_2 New Net Name=NetD2_2
Change Net Name : Old Net Name=NetD2_2 New Net Name=NetD3_2
Change Net Name : Old Net Name=NetD3_2 New Net Name=NetD4_2
Change Net Name : Old Net Name=NetD4_2 New Net Name=NetD5_2
Change Net Name : Old Net Name=NetD5_2 New Net Name=NetD6_2
Change Net Name : Old Net Name=NetD6_2 New Net Name=NetD7_2
Change Net Name : Old Net Name=NetD7_2 New Net Name=NetD8_2
Change Net Name : Old Net Name=NetD8_2 New Net Name=NetD9_2
Change Net Name : Old Net Name=NetD9_2 New Net Name=NetD10_2
Change Net Name : Old Net Name=NetD10_2 New Net Name=NetD11_2
Change Net Name : Old Net Name=NetD12_2 New Net Name=NetD13_2
Change Net Name : Old Net Name=NetD13_2 New Net Name=NetD14_2
Change Net Name : Old Net Name=NetD14_2 New Net Name=NetD15_2
Change Net Name : Old Net Name=NetD15_2 New Net Name=NetD16_2
Change Net Name : Old Net Name=NetD16_2 New Net Name=NetD17_2
Change Net Name : Old Net Name=NetD17_2 New Net Name=NetD18_2
Change Net Name : Old Net Name=NetR6_1 New Net Name=NetR8_1
Added Pin To Net: NetName=NetD12_2 Pin=D12-2
Added Pin To Net: NetName=NetD12_2 Pin=SW13-1
Added Net: Name=NetD12_2
