Change Physical Footprint: Designator=C1 Old Footprint=CAP 0603_1608 New Footprint=CAP 0603_1608
Change Physical Footprint: Designator=C2 Old Footprint=CAP 0603_1608 New Footprint=CAP 0603_1608
Change Physical Footprint: Designator=C3 Old Footprint=C_1608_0603 New Footprint=C_1608_0603
Change Physical Footprint: Designator=C4 Old Footprint=C_1608_0603 New Footprint=C_1608_0603
Change Physical Footprint: Designator=C5 Old Footprint=C_1608_0603 New Footprint=C_1608_0603
Change Physical Footprint: Designator=C6 Old Footprint=C_2012_0805 New Footprint=C_2012_0805
Change Physical Footprint: Designator=C7 Old Footprint=C_1608_0603 New Footprint=C_1608_0603
Change Physical Footprint: Designator=C8 Old Footprint=C_1608_0603 New Footprint=C_1608_0603
Change Physical Footprint: Designator=C9 Old Footprint=C_1608_0603 New Footprint=C_1608_0603
Change Physical Footprint: Designator=C10 Old Footprint=C_1608_0603 New Footprint=C_1608_0603
Change Physical Footprint: Designator=D1 Old Footprint=D_MCC_SOD-523 New Footprint=D_MCC_SOD-523
Change Physical Footprint: Designator=D2 Old Footprint=D_MCC_SOD-523 New Footprint=D_MCC_SOD-523
Change Physical Footprint: Designator=D3 Old Footprint=D_MCC_SOD-523 New Footprint=D_MCC_SOD-523
Change Physical Footprint: Designator=D4 Old Footprint=D_MCC_SOD-523 New Footprint=D_MCC_SOD-523
Change Physical Footprint: Designator=D5 Old Footprint=D_MCC_SOD-523 New Footprint=D_MCC_SOD-523
Change Physical Footprint: Designator=D6 Old Footprint=D_MCC_SOD-523 New Footprint=D_MCC_SOD-523
Change Physical Footprint: Designator=D7 Old Footprint=D_MCC_SOD-523 New Footprint=D_MCC_SOD-523
Change Physical Footprint: Designator=D8 Old Footprint=D_MCC_SOD-523 New Footprint=D_MCC_SOD-523
Change Physical Footprint: Designator=D9 Old Footprint=D_MCC_SOD-523 New Footprint=D_MCC_SOD-523
Change Physical Footprint: Designator=D10 Old Footprint=D_MCC_SOD-523 New Footprint=D_MCC_SOD-523
Change Physical Footprint: Designator=D11 Old Footprint=D_MCC_SOD-523 New Footprint=D_MCC_SOD-523
Change Physical Footprint: Designator=D12 Old Footprint=D_MCC_SOD-523 New Footprint=D_MCC_SOD-523
Change Physical Footprint: Designator=D13 Old Footprint=D_MCC_SOD-523 New Footprint=D_MCC_SOD-523
Change Physical Footprint: Designator=D14 Old Footprint=D_MCC_SOD-523 New Footprint=D_MCC_SOD-523
Change Physical Footprint: Designator=D15 Old Footprint=D_MCC_SOD-523 New Footprint=D_MCC_SOD-523
Change Physical Footprint: Designator=D16 Old Footprint=D_MCC_SOD-523 New Footprint=D_MCC_SOD-523
Change Physical Footprint: Designator=D17 Old Footprint=D_MCC_SOD-523 New Footprint=D_MCC_SOD-523
Change Physical Footprint: Designator=D18 Old Footprint=SOIC_8_1270_4900X3900X1750_ST_SO-8 New Footprint=SOIC_8_1270_4900X3900X1750_ST_SO-8
Change Physical Footprint: Designator=F1 Old Footprint=FUSE_2012_0805_BELFUSE New Footprint=FUSE_2012_0805_BELFUSE
Change Physical Footprint: Designator=J1 Old Footprint=CONN_6PIN_OLED New Footprint=CONN_6PIN_OLED
Change Physical Footprint: Designator=J2 Old Footprint=CONN_10103594-0001LF New Footprint=CONN_10103594-0001LF
Change Physical Footprint: Designator=R1 Old Footprint=R_1608_0603 New Footprint=R_1608_0603
Change Physical Footprint: Designator=R2 Old Footprint=R_1608_0603 New Footprint=R_1608_0603
Change Physical Footprint: Designator=R3 Old Footprint=R_1608_0603 New Footprint=R_1608_0603
Change Physical Footprint: Designator=R4 Old Footprint=R_1608_0603 New Footprint=R_1608_0603
Change Physical Footprint: Designator=R5 Old Footprint=R_1608_0603 New Footprint=R_1608_0603
Change Physical Footprint: Designator=R6 Old Footprint=R_1608_0603 New Footprint=R_1608_0603
Change Physical Footprint: Designator=R7 Old Footprint=R_1608_0603 New Footprint=R_1608_0603
Change Physical Footprint: Designator=R8 Old Footprint=R_1608_0603 New Footprint=R_1608_0603
Change Physical Footprint: Designator=STAB1 Old Footprint=HOLE_CHERRY_STAB New Footprint=HOLE_CHERRY_STAB
Change Physical Footprint: Designator=STAB2 Old Footprint=HOLE_CHERRY_STAB New Footprint=HOLE_CHERRY_STAB
Change Physical Footprint: Designator=STAB3 Old Footprint=HOLE_CHERRY_STAB New Footprint=HOLE_CHERRY_STAB
Change Physical Footprint: Designator=SW1 Old Footprint=MXSwitch New Footprint=MXSwitch
Change Physical Footprint: Designator=SW2 Old Footprint=MXSwitch New Footprint=MXSwitch
Change Physical Footprint: Designator=SW3 Old Footprint=MXSwitch New Footprint=MXSwitch
Change Physical Footprint: Designator=SW4 Old Footprint=MXSwitch New Footprint=MXSwitch
Change Physical Footprint: Designator=SW5 Old Footprint=MXSwitch New Footprint=MXSwitch
Change Physical Footprint: Designator=SW6 Old Footprint=MXSwitch New Footprint=MXSwitch
Change Physical Footprint: Designator=SW7 Old Footprint=MXSwitch New Footprint=MXSwitch
Change Physical Footprint: Designator=SW8 Old Footprint=MXSwitch New Footprint=MXSwitch
Change Physical Footprint: Designator=SW9 Old Footprint=MXSwitch New Footprint=MXSwitch
Change Physical Footprint: Designator=SW10 Old Footprint=MXSwitch New Footprint=MXSwitch
Change Physical Footprint: Designator=SW11 Old Footprint=MXSwitch New Footprint=MXSwitch
Change Physical Footprint: Designator=SW12 Old Footprint=MXSwitch New Footprint=MXSwitch
Change Physical Footprint: Designator=SW13 Old Footprint=MXSwitch New Footprint=MXSwitch
Change Physical Footprint: Designator=SW14 Old Footprint=MXSwitch New Footprint=MXSwitch
Change Physical Footprint: Designator=SW15 Old Footprint=MXSwitch New Footprint=MXSwitch
Change Physical Footprint: Designator=SW16 Old Footprint=MXSwitch New Footprint=MXSwitch
Change Physical Footprint: Designator=SW17 Old Footprint=MXSwitch New Footprint=MXSwitch
Change Physical Footprint: Designator=SW18 Old Footprint=TS02-66-43-BK-260-SCR-D New Footprint=TS02-66-43-BK-260-SCR-D
Change Physical Footprint: Designator=SW19 Old Footprint=SW_ENCODER_PEC12R-4220F-S0024 New Footprint=SW_ENCODER_PEC12R-4220F-S0024
Change Physical Footprint: Designator=U1 Old Footprint=QFP_44_800_1200X1200X120_ATMEL New Footprint=QFP_44_800_1200X1200X120_ATMEL
Change Physical Footprint: Designator=Y1 Old Footprint=Y_XTAL_HC49 New Footprint=Y_XTAL_HC49
